<?xml version="1.0" encoding="UTF-8"?>
<!-- Generated by org.testng.reporters.JUnitXMLReporter -->
<testsuite ignored="0" hostname="Deepak" failures="0" tests="2" name="Test-1" time="24.845" errors="0" timestamp="2025-01-21T15:55:40 IST">
  <testcase classname="com.pack1.createcontactconfigTest" name="createcontact" time="6.759"/>
  <testcase classname="com.pack1.createcontactconfigTest" name="createcontactwithsupportdateTest" time="5.204"/>
</testsuite> <!-- Test-1 -->
