<?xml version="1.0" encoding="UTF-8"?>
<!-- Generated by org.testng.reporters.JUnitXMLReporter -->
<testsuite ignored="0" hostname="Deepak" failures="0" tests="1" name="Test-2" time="17.601" errors="0" timestamp="2025-01-21T15:55:33 IST">
  <testcase classname="com.pack2.createorgconfigTest" name="createorg" time="6.97"/>
</testsuite> <!-- Test-2 -->
