<?xml version="1.0" encoding="UTF-8"?>
<!-- Generated by org.testng.reporters.JUnitReportReporter -->
<testsuite hostname="Deepak" failures="0" tests="8" name="practicesample.invocationcountTest" time="0.030" errors="0" timestamp="2025-01-17T15:40:37 IST" skipped="0">
  <testcase classname="practicesample.invocationcountTest" name="createcontact" time="0.018"/>
  <system-out/>
  <testcase classname="practicesample.invocationcountTest" name="createcontactwithaddress" time="0.003"/>
  <system-out/>
  <testcase classname="practicesample.invocationcountTest" name="createcontactwithmobileno" time="0.001"/>
  <system-out/>
  <testcase classname="practicesample.invocationcountTest" name="createcontactwithmobileno" time="0.001"/>
  <system-out/>
  <testcase classname="practicesample.invocationcountTest" name="createcontactwithmobileno" time="0.003"/>
  <system-out/>
  <testcase classname="practicesample.invocationcountTest" name="createcontactwithname" time="0.002"/>
  <system-out/>
  <testcase classname="practicesample.invocationcountTest" name="createcontactwithmobileno" time="0.001"/>
  <system-out/>
  <testcase classname="practicesample.invocationcountTest" name="createcontactwithmobileno" time="0.001"/>
  <system-out/>
</testsuite> <!-- practicesample.invocationcountTest -->
