<?xml version="1.0" encoding="UTF-8"?>
<!-- Generated by org.testng.reporters.JUnitReportReporter -->
<testsuite hostname="Deepak" failures="0" tests="1" name="reporter.extentreportpractice" time="3.576" errors="0" timestamp="2025-01-25T10:24:51 IST" skipped="0">
  <testcase classname="reporter.extentreportpractice" name="createcontactTest" time="3.576"/>
  <system-out/>
</testsuite> <!-- reporter.extentreportpractice -->
