<?xml version="1.0" encoding="UTF-8"?>
<!-- Generated by org.testng.reporters.JUnitReportReporter -->
<testsuite hostname="Deepak" failures="0" tests="1" name="AssertionPractice.samplescreenshotTest" time="2.776" errors="0" timestamp="2025-01-23T10:48:51 IST" skipped="0">
  <testcase classname="AssertionPractice.samplescreenshotTest" name="Screenshot" time="2.776"/>
  <system-out/>
</testsuite> <!-- AssertionPractice.samplescreenshotTest -->
