<?xml version="1.0" encoding="UTF-8"?>
<!-- Generated by org.testng.reporters.JUnitReportReporter -->
<testsuite hostname="Deepak" failures="0" tests="2" name="practicesample.dppracticeclass1Test" time="0.013" errors="0" timestamp="2025-01-20T00:05:32 IST" skipped="0">
  <testcase classname="practicesample.dppracticeclass1Test" name="logintest" time="0.011"/>
  <system-out/>
  <testcase classname="practicesample.dppracticeclass1Test" name="logintest" time="0.002"/>
  <system-out/>
</testsuite> <!-- practicesample.dppracticeclass1Test -->
