<?xml version="1.0" encoding="UTF-8"?>
<!-- Generated by org.testng.reporters.JUnitReportReporter -->
<testsuite hostname="Deepak" failures="0" tests="1" name="com.pack2.createorgconfigTest" time="6.280" errors="0" timestamp="2025-01-29T16:14:00 IST" skipped="0">
  <testcase classname="com.pack2.createorgconfigTest" name="createorg" time="6.280"/>
</testsuite> <!-- com.pack2.createorgconfigTest -->
