<?xml version="1.0" encoding="UTF-8"?>
<!-- Generated by org.testng.reporters.JUnitReportReporter -->
<testsuite hostname="Deepak" failures="0" tests="3" name="practicesample.dataproviderpracticeTest" time="0.013" errors="0" timestamp="2025-01-18T16:53:32 IST" skipped="0">
  <testcase classname="practicesample.dataproviderpracticeTest" name="create_contact" time="0.009"/>
  <system-out/>
  <testcase classname="practicesample.dataproviderpracticeTest" name="create_contact" time="0.002"/>
  <system-out/>
  <testcase classname="practicesample.dataproviderpracticeTest" name="create_contact" time="0.002"/>
  <system-out/>
</testsuite> <!-- practicesample.dataproviderpracticeTest -->
