<?xml version="1.0" encoding="UTF-8"?>
<!-- Generated by org.testng.reporters.JUnitReportReporter -->
<testsuite hostname="Deepak" failures="0" tests="3" name="practicesample.contactTest" time="0.026" errors="0" timestamp="2025-01-17T15:16:14 IST" skipped="0">
  <testcase classname="practicesample.contactTest" name="modifycontactTest" time="0.024"/>
  <system-out/>
  <testcase classname="practicesample.contactTest" name="createcontactTest1" time="0.001"/>
  <system-out/>
  <testcase classname="practicesample.contactTest" name="deletecontactTest" time="0.001"/>
  <system-out/>
</testsuite> <!-- practicesample.contactTest -->
