<?xml version="1.0" encoding="UTF-8"?>
<!-- Generated by org.testng.reporters.JUnitReportReporter -->
<testsuite hostname="Deepak" failures="0" tests="3" name="practicesample.dataproviderpractice1" time="0.012" errors="0" timestamp="2025-01-18T17:01:18 IST" skipped="0">
  <testcase classname="practicesample.dataproviderpractice1" name="create_contact" time="0.009"/>
  <system-out/>
  <testcase classname="practicesample.dataproviderpractice1" name="create_contact" time="0.002"/>
  <system-out/>
  <testcase classname="practicesample.dataproviderpractice1" name="create_contact" time="0.001"/>
  <system-out/>
</testsuite> <!-- practicesample.dataproviderpractice1 -->
