<?xml version="1.0" encoding="UTF-8"?>
<!-- Generated by org.testng.reporters.JUnitReportReporter -->
<testsuite hostname="Deepak" failures="0" tests="2" name="practicesample.sampletest" time="0.015" errors="0" timestamp="2025-01-17T14:53:39 IST" skipped="0">
  <testcase classname="practicesample.sampletest" name="createcontactwithmobileno" time="0.001"/>
  <system-out/>
  <testcase classname="practicesample.sampletest" name="createcontact" time="0.014"/>
  <system-out/>
</testsuite> <!-- practicesample.sampletest -->
