<?xml version="1.0" encoding="UTF-8"?>
<!-- Generated by org.testng.reporters.JUnitReportReporter -->
<testsuite hostname="Deepak" failures="0" tests="3" name="practicesample.dependsonpracticeTest" time="0.013" errors="0" timestamp="2025-01-17T15:59:38 IST" skipped="0">
  <testcase classname="practicesample.dependsonpracticeTest" name="packingTest" time="0.002"/>
  <system-out/>
  <testcase classname="practicesample.dependsonpracticeTest" name="createorderTest" time="0.009"/>
  <system-out/>
  <testcase classname="practicesample.dependsonpracticeTest" name="BillingorderTest" time="0.002"/>
  <system-out/>
</testsuite> <!-- practicesample.dependsonpracticeTest -->
