<?xml version="1.0" encoding="UTF-8"?>
<!-- Generated by org.testng.reporters.JUnitReportReporter -->
<testsuite hostname="Deepak" failures="0" tests="2" name="AssertionPractice.assertionsample1" time="0.015" errors="0" timestamp="2025-01-21T17:58:41 IST" skipped="0">
  <testcase classname="AssertionPractice.assertionsample1" name="homepageT" time="0.002"/>
  <system-out>
    <![CDATA[homepageTTest start
step-1
step-2
step-3
step-4
homepageTTest End]]>
  </system-out>
  <testcase classname="AssertionPractice.assertionsample1" name="VerifylogoT" time="0.013"/>
  <system-out>
    <![CDATA[VerifylogoTTest start
step-1
step-2
step-3
step-4
VerifylogoTTest End]]>
  </system-out>
</testsuite> <!-- AssertionPractice.assertionsample1 -->
