<?xml version="1.0" encoding="UTF-8"?>
<!-- Generated by org.testng.reporters.JUnitReportReporter -->
<testsuite hostname="Deepak" failures="0" tests="1" name="AssertionPractice.homepageverificationTest" time="7.265" errors="0" timestamp="2025-01-29T18:02:08 IST" skipped="0">
  <testcase classname="AssertionPractice.homepageverificationTest" name="homepageTest" time="7.265"/>
</testsuite> <!-- AssertionPractice.homepageverificationTest -->
